TN:
SF:commands/clean_command.py
DA:1,1,7UpTJ1siZmoU7UUFB2IE6g
DA:2,1,l3nhicvq6q+R3WkfKdsNMw
DA:5,1,lQQbOsvZTF5vuicjdEMO+w
DA:6,1,/ZvqiDY7XVzMiSFdpC6ZCg
DA:13,1,g6mADhliLQw7rExAocmfBw
DA:20,1,OmAvnNY5IvsGrFW7IyuP+Q
DA:22,1,E63+0BbiKC7i8oUeNfhMSQ
DA:33,1,xjcDBnSwra0OiNOAYAwoHA
DA:34,1,F4x51GltR7cMwM3cLuPcbQ
DA:35,1,8WOVocv3j7fFZudSHAfcWw
DA:37,1,7auf3JdHSpF/71Ili+tIcw
DA:39,1,1HHQUQalyvm0wEnsEdt5Aw
DA:40,1,1txYRkKRV4cseOc9BUdYDA
DA:41,1,p+LUbgVa+P3P9Jpg0nVvcA
DA:42,1,BoztgpoEWDXxzs9NfBxFvg
LF:14
LH:14
end_of_record
TN:
SF:commands/extract_command.py
DA:1,1,mUDsnWRiqW9R9nTILGKIZg
DA:2,1,7Z9Lj4ed27Wf2hBX6jooEA
DA:3,1,jEc91tz0B1b2beSYnS+UDQ
DA:5,1,ZA9foUx/0Sd+/Ixo8P9S0A
DA:8,1,T/SVeTMNFu8/XboOHqLXuQ
DA:9,1,/ZvqiDY7XVzMiSFdpC6ZCg
DA:16,1,Wa3a6UnMhUvuFdjgtQ0+eQ
DA:23,1,87eLebQap8jzSquusS5x0A
DA:25,1,y0hG67E7ZOxYMiiYbOIjVA
DA:39,1,xjcDBnSwra0OiNOAYAwoHA
DA:40,1,ymWt4LLAnhJsHuvreLzJiw
DA:41,1,4EW1UL3EjFDNIQg8kJR4OQ
DA:43,1,Roc5wgY3i09vJ4BEQEuUcw
DA:44,1,yyJPWlAeVerSegjycLoaYw
DA:46,1,y3ObfdTrUX+aqLPRPpHIEA
DA:48,1,eAL5K4imVQ1GYTo/TU7cpw
DA:49,1,R3B2v8TE/4fdonWB/q94Yw
DA:50,1,HrYz6r1ChIXOoy73mtkwtA
DA:51,1,AmnP3qgMn83ltos0fJbljw
DA:53,1,2U1QECxFdCu7dlaMIcVsIA
DA:54,1,Uk1iEqLYWHwxE4nbWtF0CQ
DA:55,1,F3okctkUOZCpneSo2XD1EA
DA:57,1,8ck8QSs4hx2Snn84DuU++A
DA:58,1,/Lhs/l2c2XWwqEtDInqvBg
DA:59,1,2B49DQQiI70Y0FXhE7kGxg
DA:60,1,p+LUbgVa+P3P9Jpg0nVvcA
DA:61,1,BoztgpoEWDXxzs9NfBxFvg
LF:26
LH:26
end_of_record
TN:
SF:commands/generate_command.py
DA:1,1,mUDsnWRiqW9R9nTILGKIZg
DA:2,1,7Z9Lj4ed27Wf2hBX6jooEA
DA:3,1,jEc91tz0B1b2beSYnS+UDQ
DA:5,1,H8noa5LGwRUzMyt+kpe3DQ
DA:8,1,xjcLHjaYor8SOIJDNVBj7w
DA:9,1,/ZvqiDY7XVzMiSFdpC6ZCg
DA:16,1,Q872I62Li+enDLFe067vMg
DA:23,1,xcTXnP9A4ZQEjUYvhfzW0g
DA:25,1,y0hG67E7ZOxYMiiYbOIjVA
DA:41,1,xjcDBnSwra0OiNOAYAwoHA
DA:42,1,6EpmFlkMCJ+aoD3BzWqSdw
DA:43,1,br2sR4bW/efCuABnWLzvaw
DA:45,1,v410W/7rXWyBYl5QqfSlbA
DA:46,1,qpi7KYmzBGb3fM3Nk4xAsQ
DA:48,1,kdVz/OS+DcxS2Bvu9tCICQ
DA:52,1,eAL5K4imVQ1GYTo/TU7cpw
DA:53,1,R3B2v8TE/4fdonWB/q94Yw
DA:54,1,HrYz6r1ChIXOoy73mtkwtA
DA:55,1,bCCY++G97gIBxML18o5UAQ
DA:57,1,AyjWNufjOrr3AzEnB8Bf0g
DA:58,1,Uk1iEqLYWHwxE4nbWtF0CQ
DA:59,1,F3okctkUOZCpneSo2XD1EA
DA:61,1,1natzUqJ08M/ohmnnnisvQ
DA:62,1,/Lhs/l2c2XWwqEtDInqvBg
DA:63,1,2B49DQQiI70Y0FXhE7kGxg
DA:64,1,p+LUbgVa+P3P9Jpg0nVvcA
DA:65,1,BoztgpoEWDXxzs9NfBxFvg
LF:26
LH:26
end_of_record
TN:
SF:commands/review_command.py
DA:1,1,7Z9Lj4ed27Wf2hBX6jooEA
DA:2,1,jEc91tz0B1b2beSYnS+UDQ
DA:3,1,kCBV3k4IgqMiMORKOhYl3g
DA:6,1,7sdZ+airdepMFsia9Dp80A
DA:7,1,/ZvqiDY7XVzMiSFdpC6ZCg
DA:14,1,W8xESQIEZCYfaWu+VQJTUQ
DA:21,1,H3UDr/Cd7HYhI1aKws7rPA
DA:23,1,y0hG67E7ZOxYMiiYbOIjVA
DA:38,1,xjcDBnSwra0OiNOAYAwoHA
DA:39,1,a0HUk+WlVuOXM9OdHbRnjg
DA:40,1,5dxQ9HpKdoBza5/K5uHxtw
DA:42,1,tmLIBiHhvBCVal3Y2UbEtA
DA:43,1,qdtOl2XlWseG2qJQwBf2Zw
DA:45,1,2tJOodtsUY37sSEvE080/g
DA:46,1,hu6Vzr0p2pehSklI/WvO+Q
DA:47,1,wp7lvWh17XVbzSCiOvAaoQ
DA:48,1,iyEKVgUh87vsRsKFUpPqEA
DA:49,1,ih9GgyvG4glvdsGfN1cWtQ
DA:50,1,oaMxUZ0mXWQhjLihPsuPYg
DA:52,1,8CQ2HSbT0VUM5UPD91BZlQ
DA:55,1,tAOTMhvcQaQfniGp+dkHyQ
DA:56,1,b21HaQUx8CAQ6tZJeU73eQ
DA:57,1,TUk7JeOakaHcKyEOsoA44Q
DA:58,1,QGr/rgDp7vvAwsUUNVMlpw
DA:60,1,sMK9uj+3VQ0oNmjbpMeTvw
DA:62,1,ina8grqLGSpg29yYJQPhrg
DA:63,1,1HHQUQalyvm0wEnsEdt5Aw
DA:64,1,1OnBpfQQVFFGFqyl/LFC+Q
DA:65,1,JqfD/pO9Md/rxslZaA8Ylw
DA:67,1,p+LUbgVa+P3P9Jpg0nVvcA
DA:68,1,BoztgpoEWDXxzs9NfBxFvg
DA:70,1,BY/TnQYl3LkXDfyPrEYb2Q
DA:80,1,B7bduTBBjZkodhyxFB62cg
DA:81,1,ob4kjY5RHSGNEYJ5ZapFng
DA:82,1,3x28WUbQDNkwr5OY676fTg
DA:83,1,ob4kjY5RHSGNEYJ5ZapFng
DA:84,1,qqX+fu6Dt3tlegqwxe6vFw
DA:88,1,dJfk/B8KikYJAGJ8IkJiNw
DA:98,1,B7bduTBBjZkodhyxFB62cg
DA:99,1,ob4kjY5RHSGNEYJ5ZapFng
DA:100,1,+qrRRvdbZOORFoFTtKUkLg
DA:101,1,ob4kjY5RHSGNEYJ5ZapFng
DA:102,1,GKOOcqXMA0mzjcmNWCv90w
LF:42
LH:42
end_of_record
TN:
SF:modules/extract_reviewer.py
DA:1,1,jEc91tz0B1b2beSYnS+UDQ
DA:3,1,TwA1fuN2RIicBw5WMB5PZg
DA:4,1,JF108IAibF0cOLvl3Mrt9g
DA:7,1,u89q/EJmPk4PQxKLNtFuEg
DA:8,1,/ZvqiDY7XVzMiSFdpC6ZCg
DA:16,1,nJg5RcUIJEtSKiqjUXlJ/w
DA:24,1,/fmfiL+PxUUCaz7xW9edGA
DA:25,1,Il+AfhT2Y6jjA2Yw5i/FUg
DA:27,1,tS94ypYLF0Ev61DU3dDyFA
DA:38,1,YtQfNClInHoOHlUZtaGyLA
DA:39,1,vKZEIkB0R0xEd3bGKQqCFQ
DA:41,1,UhoFd6V3zsR5hFCpauA+ZA
DA:51,1,IA7vzJWZtSZOS18KqNrUCg
DA:54,1,vKZEIkB0R0xEd3bGKQqCFQ
DA:56,1,2k0dFKZCXd0ny609oZBZyg
DA:70,1,E1yZwlQLjlgYKCfsxV42sg
DA:71,1,B9MgjxoACSyWkdy7HD9WWQ
DA:74,1,Lb/dnS6YTjpL6Uwb4+M9VQ
DA:76,1,NLSXb5MbhJjQdd7y2340pA
DA:86,1,RtD6L6EUwVMjkoyXOrwtsw
DA:88,1,4sEQOuxLdiTdKxOFu7lQnA
DA:89,1,O8hY6LwUJubtrwolD0RJ1Q
DA:93,1,wYCJvtvoj976DGO++TSHhQ
DA:95,1,SmxbqkR/ANw5sYL1AO4mNw
LF:23
LH:23
end_of_record
TN:
SF:modules/model_loader.py
DA:1,1,PypTVLQ/+TlFDW0nT5eU8g
DA:2,1,uqHl+DmUdyz5ra3g7xEZ9w
DA:5,1,ZETPLZp2gLQzqOSYCaWoxQ
DA:6,1,/ZvqiDY7XVzMiSFdpC6ZCg
DA:15,1,4LgMgWBGno1n5MNJ8WRFsQ
DA:29,1,2gVGwhBZR37oKsoWcdRYEg
DA:30,1,ykRGfOLVpfPCjVUH85DQxw
DA:31,1,AhQXbAUBsCVLyEu/jzqM0w
DA:32,1,GaY+mOiTSlLAQoFI7xgiNw
DA:34,1,dySPsKidVZe3YRf0hnl/Vg
DA:41,1,5jjmaRG6qiPgrJ1BYkRjdg
DA:43,1,dgBKHuxYQn9p7FexIP5rkw
DA:53,1,xjcDBnSwra0OiNOAYAwoHA
DA:54,1,NPu/X/AKRwm9m9ts2gU2qg
DA:61,1,q5sfzn2yZ3Hz3NELd6l94w
DA:62,1,cCzhnT+1tmGi11b28Pmfwg
DA:64,1,7Gu21H1+3Zmf8PcpOK46fg
LF:16
LH:16
end_of_record
TN:
SF:modules/narrative_manager.py
DA:1,1,o0C/VNANNGsHF8a/JWfhTA
DA:3,1,TwA1fuN2RIicBw5WMB5PZg
DA:4,1,JF108IAibF0cOLvl3Mrt9g
DA:7,1,pbWI/EOmE8WuFLYvGtXf2A
DA:8,1,/ZvqiDY7XVzMiSFdpC6ZCg
DA:16,1,nJg5RcUIJEtSKiqjUXlJ/w
DA:24,1,/fmfiL+PxUUCaz7xW9edGA
DA:25,1,Il+AfhT2Y6jjA2Yw5i/FUg
DA:27,1,xEo/xfYelnrjvrVJsm1cJQ
DA:38,1,xjcDBnSwra0OiNOAYAwoHA
DA:39,1,qBOVTp7kwTN4J/nh2iUrag
DA:43,1,Fe6S4tUZZ1JQO9/t27e0Kw
DA:44,1,C26zO0GqW5F4lJgWzMJxmw
DA:45,1,04tWQGHTxFo44/3oK2cNVw
DA:46,1,B8aOTzqastI/SSSR14He/A
DA:48,1,OBQ8knRkDuL0qq9rr1Y2Cg
DA:49,1,Iyc7OFdUwu47XssfhAqplw
DA:51,1,NvVxGrDiJsGH6QhWsv4EYA
DA:52,1,cCzhnT+1tmGi11b28Pmfwg
DA:54,1,4qQV3ujZ8ch63hjV2jNnTQ
DA:56,1,NLSXb5MbhJjQdd7y2340pA
DA:66,1,xjcDBnSwra0OiNOAYAwoHA
DA:67,1,99vLjh3YLo6e2X1zGricHg
DA:69,1,5KwsdH7TQD7rNRDmvj2SSw
DA:70,1,cSpS/jrn1YhHnb3ma+xf1w
DA:74,1,EmsLZmx8wUoHAY58q1FPjA
DA:76,1,Q7mGB0mGgUfZxeED5ce/tA
DA:77,1,cCzhnT+1tmGi11b28Pmfwg
DA:79,1,7Gu21H1+3Zmf8PcpOK46fg
LF:28
LH:28
end_of_record
TN:
SF:modules/prompt_manager.py
DA:1,1,1XNcXEDXqfTbenzzNDTbwg
DA:3,1,VtD25Rd67HtBp8n2wwtBOg
DA:11,1,3OBK/MPHEbKRVQRNBMGDgw
DA:12,1,/ZvqiDY7XVzMiSFdpC6ZCg
DA:17,1,4LgMgWBGno1n5MNJ8WRFsQ
DA:29,1,Yo+TdzjnJxgg7D+maRZNzA
DA:30,1,oKbWlMzCu06oylyhoozNHw
DA:36,1,aljqzbVmtY06QWomqzDcYA
DA:37,1,gVytwK9UqvwWWSH2ywdy3A
DA:39,1,Qmzu6uVCZin9qo5ky3vZsg
DA:55,1,xQ6zXKkMw22Jn0eaAEhZug
DA:56,1,lEUN2qxXCeLu3VyZ13vFyA
DA:57,1,NaEs6jea4L7DETv5pkQJ/A
DA:59,1,tE1PikdIwrV5HVv/EYhgXg
DA:60,1,/DH6rFRTQe1nL+rtvRYgsA
DA:62,1,1Zchy4AM68koR8CF7o7HYg
DA:64,1,lg79xIr5emAxciM9qJyAMw
DA:65,1,FnUzZ0EDxks8HbGe3lah+A
DA:69,1,gfOE2iFigGDCTxfTOmPM2g
DA:71,1,exzkBQjr52kRbJWlLwJlbQ
LF:19
LH:19
end_of_record
TN:
SF:modules/prompts/cleaning_prompts.py
DA:1,1,1+9wdnNK6ERHmSA06tdyPQ
DA:8,1,NBD0mcvkrY08syXfrT4oxw
LF:1
LH:1
end_of_record
TN:
SF:modules/prompts/extraction_prompts.py
DA:1,1,1+9wdnNK6ERHmSA06tdyPQ
DA:8,1,TdnNR9FUJBIJg63ZgfSQbQ
LF:1
LH:1
end_of_record
TN:
SF:modules/prompts/narrative_prompts.py
DA:1,1,AkAKc5nKPZSAqxWJiBCp7w
LF:1
LH:1
end_of_record
TN:
SF:modules/prompts/review_prompts.py
DA:1,1,e75kiHlh1AleIQ5QTkwdDg
LF:1
LH:1
end_of_record
TN:
SF:modules/transcript_cleaner.py
DA:1,1,l3nhicvq6q+R3WkfKdsNMw
DA:3,1,TwA1fuN2RIicBw5WMB5PZg
DA:4,1,JF108IAibF0cOLvl3Mrt9g
DA:7,1,jB1lrG1kOMkN2i22NJBLSA
DA:8,1,/ZvqiDY7XVzMiSFdpC6ZCg
DA:16,1,nJg5RcUIJEtSKiqjUXlJ/w
DA:24,1,/fmfiL+PxUUCaz7xW9edGA
DA:25,1,Il+AfhT2Y6jjA2Yw5i/FUg
DA:27,1,4fChb+hJGAQWJJRtahIfZQ
DA:37,1,cu1fnuheqV2B6LSpuSHgkQ
DA:38,1,xjcDBnSwra0OiNOAYAwoHA
DA:39,1,r8yXV8zd3/W2iyHsz7BOgg
DA:40,1,MfLxpymjrGhmXUO2rXr4pA
DA:41,1,CtbWmzGp88k4Mw9zu5qFcQ
DA:43,1,rqOSYv65nziWPZcVBXpkDg
DA:44,1,cCzhnT+1tmGi11b28Pmfwg
DA:46,1,VGvniCS796Qa6FKoRl8WUg
DA:48,1,hxJZe1IfzPEHJcVvBDJDQg
DA:58,1,xjcDBnSwra0OiNOAYAwoHA
DA:59,1,ANH+5ZAh03eGuLoeECQuVg
DA:60,1,njI8GPkwWh/4JycxGCzakw
DA:63,1,67cZtDeo7oVpsGAZDnA4iw
DA:65,1,XLOOU6kCnvWBT7D1Mktb0g
DA:66,1,cCzhnT+1tmGi11b28Pmfwg
DA:68,1,lk4rVUWPLz3bfXcsVuSxbw
LF:24
LH:24
end_of_record
TN:
SF:modules/transcript_extractor.py
DA:1,1,Si12/IUKvHHjFN5ZrwXQRw
DA:3,1,TwA1fuN2RIicBw5WMB5PZg
DA:4,1,JF108IAibF0cOLvl3Mrt9g
DA:7,1,cAfT5n3IeZeJXKpPt73nVQ
DA:8,1,/ZvqiDY7XVzMiSFdpC6ZCg
DA:16,1,nJg5RcUIJEtSKiqjUXlJ/w
DA:24,1,/fmfiL+PxUUCaz7xW9edGA
DA:25,1,Il+AfhT2Y6jjA2Yw5i/FUg
DA:27,1,WRGercOyS7fqvCXyIwOEdw
DA:37,1,Q32QEpLN5zgHNWO8vO8gXg
DA:55,1,Oakfcy9H8pBiZTGfoqfTdg
DA:59,1,a3rK64cYSDypOIj9ouK/hw
DA:60,1,IqvFVu4Al3gDpBpvJSn6sA
DA:62,1,R4xgoRcyUtrrMeQwc2+Fhw
DA:73,1,xjcDBnSwra0OiNOAYAwoHA
DA:74,1,r8yXV8zd3/W2iyHsz7BOgg
DA:76,1,ANH+5ZAh03eGuLoeECQuVg
DA:77,1,O46D9z8ZtrRbK9JoRPPbYA
DA:80,1,/9pnaM91NoEYdfhqKRJY7Q
DA:82,1,XLOOU6kCnvWBT7D1Mktb0g
DA:83,1,CtbWmzGp88k4Mw9zu5qFcQ
DA:84,1,sq/ChNuPMGNsSgWSjADiOA
DA:85,1,cCzhnT+1tmGi11b28Pmfwg
DA:86,1,2rPD9+sCk0OAiIl/2ZAPfA
LF:23
LH:23
end_of_record
TN:
SF:scripts/cli.py
DA:1,1,UK6mfWrMcVFUe5fumx/PbA
DA:3,1,pZhSQQEC7KFravePADPSIA
DA:4,1,SSvn7MWeo/Xbb1fcxo9Jiw
DA:5,1,px2za7DfLmtfZUY71q4Y5A
DA:6,1,ivzVwRWX07DtNhJBH7M5bQ
DA:7,1,kCBV3k4IgqMiMORKOhYl3g
DA:8,1,TwA1fuN2RIicBw5WMB5PZg
DA:9,1,H8noa5LGwRUzMyt+kpe3DQ
DA:10,1,JF108IAibF0cOLvl3Mrt9g
DA:11,1,7UpTJ1siZmoU7UUFB2IE6g
DA:12,1,ZA9foUx/0Sd+/Ixo8P9S0A
DA:15,1,5xZX3Yhl2LlzSfYyM4mhNA
DA:17,1,Ee/hI92jdbrMCU+onEbKiA
DA:18,1,wRSyBxxHIQ8ZuqELAfz7Uw
DA:20,1,hcDxjn7rW/UWnfFd8L4Jcw
DA:21,1,k/vynpxRxmx3gkbIfLhq2Q
DA:22,1,CTbmkTW2EtGWWrhBCeW8AA
DA:23,1,b+P4g9sxTtqHDbHum6ffGA
DA:25,1,r2zApWsp17kDD1yxeVizbg
DA:28,1,pXaCw0R7AsZQosPhG6IUsQ
DA:30,1,JM98uEEB3eAcJbfMRTSd5g
DA:31,1,ABqOoMMmHqF2gf5z6eA/mQ
DA:34,1,8MJ2SFu8CEjO3lMyPf4QVQ
DA:35,1,sGCL28UqYSjQWw0lwFtl9A
DA:36,1,e1H5oIYjSasFTkC1HHwPaw
DA:43,1,bbe85OKfJ+gcv5XnyASUvg
DA:46,1,ycQk2hc2bXEnRBNM0w056g
DA:52,1,ycQk2hc2bXEnRBNM0w056g
DA:59,1,7CeJTxrB15h9hzmPAvlG3Q
DA:62,1,b/n3yg/GL9L+SEu8+FQ7rQ
DA:68,1,b/n3yg/GL9L+SEu8+FQ7rQ
DA:75,1,hY+neCLc/UkyJYnHJxiYWg
DA:76,1,/6Sa5hA+mBvwl9buRCsaYA
DA:80,1,/6Sa5hA+mBvwl9buRCsaYA
DA:86,1,gBFABXNl7L/PKShr/qRjcQ
DA:89,1,mzLwl/xBOx5LJePWMEhg5A
DA:91,1,9DEGM1W4oPgz27Qdgv10CQ
DA:93,1,utfBp2v6UJbnezd9t+q+hw
DA:100,1,kOM+I526V8/f8N7wzx+ExQ
DA:101,1,kwS7nj+ugkSa3LAi/ppOBw
DA:102,1,6/wyHh/3NC5fOvEzkfzdbA
DA:103,1,BBc9Erwf7I+7cCU+EJ2MUg
DA:105,1,dsYcDDeDa0XEgBsXFdz/2Q
DA:107,1,xKp3pNAWl1iXj3G6BKnwVQ
DA:110,1,CKoMXMB8Xv5ZC6iTILRdvA
DA:111,1,iqKOuB3+Zou50YCpBMYHjQ
DA:112,1,FpfIcFWSUZLStBVxcFaiAg
DA:113,1,B/Fo9U4/nMeRNS1JjGZVyQ
DA:114,1,rPaYzUKPBIvWXzLkRw3U9g
DA:115,1,py/kY/9HQu9MkScbQBaWBA
DA:116,1,j3fRVG0iweMC/6gHi7C1dA
DA:121,1,gsV/oVjFdtISHCAgICoDpg
DA:122,1,RgkOq9Qo51NHehjyrCNWcw
DA:124,1,elhe6L+GUZ8JugJ2WaVTfw
DA:125,1,d8qEF84tH7SfwNENWFFsEQ
DA:128,1,xQVNdxAJxuGw1z9RcZmDQw
DA:129,0,2loYFqKsWTLg8EsfxY4sxw
LF:57
LH:56
end_of_record
TN:
SF:utils/utils.py
DA:1,1,7Z9Lj4ed27Wf2hBX6jooEA
DA:4,1,21gsSH1B7BE7JsaSDV4Avw
DA:5,1,/ZvqiDY7XVzMiSFdpC6ZCg
DA:9,1,KxgaGtJPkScc4OG7mJ59vg
DA:10,1,rWhrj8WOpRYVeSXs363QFg
DA:20,1,LHdNButm7qFMJmof27zVFA
DA:21,1,6WPqm8KOgsPkv9zt45HHoQ
DA:23,1,KxgaGtJPkScc4OG7mJ59vg
DA:24,1,XZAWKHQhLmSVOo/fgRRu+A
DA:32,1,PocpQ2SMbq1SVAimoAfnxA
DA:33,1,FuWUzqZPnEEmAjv1Wk8baA
DA:34,1,cADSsXNFfSLAnAPgdQJ7IA
DA:36,1,KxgaGtJPkScc4OG7mJ59vg
DA:37,1,IDHzDa7hutOSkrafEs4ItA
DA:47,1,eDnMv2xrNPWKOQGESOjEzg
DA:48,1,Rvas0DeGmjh+fTp09A01fg
LF:15
LH:15
end_of_record
